生成启动时间为 6/13/2014 8:57:26 PM。
     1>项目“F:\C++ Projects\EX\RectifyDlg\RectifyDlg\RectifyDlg.vcxproj”在节点 2 上(build 个目标)。
     1>InitializeBuildStatus:
         正在对“Release\RectifyDlg.unsuccessfulbuild”执行 Touch 任务。
       ClCompile:
         所有输出均为最新。
         所有输出均为最新。
       ResourceCompile:
         所有输出均为最新。
       Link:
         D:\Program Files (x86)\Microsoft Visual Studio 10.0\VC\bin\link.exe /ERRORREPORT:PROMPT /OUT:"F:\C++ Projects\EX\RectifyDlg\Release\RectifyDlg.exe" /INCREMENTAL:NO /NOLOGO opencv_contrib243.lib opencv_core243.lib opencv_features2d243.lib opencv_highgui243.lib opencv_imgproc243.lib opencv_nonfree243.lib /MANIFEST /ManifestFile:"Release\RectifyDlg.exe.intermediate.manifest" /MANIFESTUAC:"level='asInvoker' uiAccess='false'" /DEBUG /PDB:"F:\C++ Projects\EX\RectifyDlg\Release\RectifyDlg.pdb" /SUBSYSTEM:WINDOWS /OPT:REF /OPT:ICF /LTCG /TLBID:1 /DYNAMICBASE /NXCOMPAT /IMPLIB:"F:\C++ Projects\EX\RectifyDlg\Release\RectifyDlg.lib" /MACHINE:X86 Release\RectifyDlg.res
         Release\CvvImage.obj
         Release\RectifyDlg.obj
         Release\RectifyDlgDlg.obj
         Release\stdafx.obj
     1>RectifyDlgDlg.obj : error LNK2001: 无法解析的外部符号 "class cv::Mat __cdecl cv::findFundamentalMat(class cv::_InputArray const &,class cv::_InputArray const &,int,double,double,class cv::_OutputArray const &)" (?findFundamentalMat@cv@@YA?AVMat@1@ABV_InputArray@1@0HNNABV_OutputArray@1@@Z)
     1>RectifyDlgDlg.obj : error LNK2001: 无法解析的外部符号 "bool __cdecl cv::stereoRectifyUncalibrated(class cv::_InputArray const &,class cv::_InputArray const &,class cv::_InputArray const &,class cv::Size_<int>,class cv::_OutputArray const &,class cv::_OutputArray const &,double)" (?stereoRectifyUncalibrated@cv@@YA_NABV_InputArray@1@00V?$Size_@H@1@ABV_OutputArray@1@2N@Z)
     1>RectifyDlgDlg.obj : error LNK2001: 无法解析的外部符号 "public: __thiscall cv::StereoBM::StereoBM(void)" (??0StereoBM@cv@@QAE@XZ)
     1>RectifyDlgDlg.obj : error LNK2001: 无法解析的外部符号 "public: void __thiscall cv::StereoBM::operator()(class cv::_InputArray const &,class cv::_InputArray const &,class cv::_OutputArray const &,int)" (??RStereoBM@cv@@QAEXABV_InputArray@1@0ABV_OutputArray@1@H@Z)
     1>RectifyDlgDlg.obj : error LNK2001: 无法解析的外部符号 "public: void __thiscall cv::Ptr<struct CvStereoBMState>::delete_obj(void)" (?delete_obj@?$Ptr@UCvStereoBMState@@@cv@@QAEXXZ)
     1>F:\C++ Projects\EX\RectifyDlg\Release\RectifyDlg.exe : fatal error LNK1120: 5 个无法解析的外部命令
     1>已完成生成项目“F:\C++ Projects\EX\RectifyDlg\RectifyDlg\RectifyDlg.vcxproj”(build 个目标)的操作 - 失败。

生成失败。

已用时间 00:00:01.30
