F:\C++ PROJECTS\EX\RECTIFYDLG\DEBUG\RECTIFYDLG.EXE
F:\C++ PROJECTS\EX\RECTIFYDLG\DEBUG\RECTIFYDLG.EXE.MANIFEST
F:\C++ PROJECTS\EX\RECTIFYDLG\DEBUG\RECTIFYDLG.ILK
F:\C++ PROJECTS\EX\RECTIFYDLG\DEBUG\RECTIFYDLG.PDB
F:\C++ Projects\EX\RectifyDlg\RectifyDlg\Debug\cl.command.1.tlog
F:\C++ Projects\EX\RectifyDlg\RectifyDlg\Debug\CL.read.1.tlog
F:\C++ Projects\EX\RectifyDlg\RectifyDlg\Debug\CL.write.1.tlog
F:\C++ PROJECTS\EX\RECTIFYDLG\RECTIFYDLG\DEBUG\CVVIMAGE.OBJ
F:\C++ Projects\EX\RectifyDlg\RectifyDlg\Debug\link.12608.read.1.tlog
F:\C++ Projects\EX\RectifyDlg\RectifyDlg\Debug\link.12608.write.1.tlog
F:\C++ Projects\EX\RectifyDlg\RectifyDlg\Debug\link.12608-cvtres.read.1.tlog
F:\C++ Projects\EX\RectifyDlg\RectifyDlg\Debug\link.12608-cvtres.write.1.tlog
F:\C++ Projects\EX\RectifyDlg\RectifyDlg\Debug\link.12692.read.1.tlog
F:\C++ Projects\EX\RectifyDlg\RectifyDlg\Debug\link.12692.write.1.tlog
F:\C++ Projects\EX\RectifyDlg\RectifyDlg\Debug\link.12692-cvtres.read.1.tlog
F:\C++ Projects\EX\RectifyDlg\RectifyDlg\Debug\link.12692-cvtres.write.1.tlog
F:\C++ Projects\EX\RectifyDlg\RectifyDlg\Debug\link.12828.read.1.tlog
F:\C++ Projects\EX\RectifyDlg\RectifyDlg\Debug\link.12828.write.1.tlog
F:\C++ Projects\EX\RectifyDlg\RectifyDlg\Debug\link.12828-cvtres.read.1.tlog
F:\C++ Projects\EX\RectifyDlg\RectifyDlg\Debug\link.12828-cvtres.write.1.tlog
F:\C++ Projects\EX\RectifyDlg\RectifyDlg\Debug\link.5620.read.1.tlog
F:\C++ Projects\EX\RectifyDlg\RectifyDlg\Debug\link.5620.write.1.tlog
F:\C++ Projects\EX\RectifyDlg\RectifyDlg\Debug\link.5620-cvtres.read.1.tlog
F:\C++ Projects\EX\RectifyDlg\RectifyDlg\Debug\link.5620-cvtres.write.1.tlog
F:\C++ Projects\EX\RectifyDlg\RectifyDlg\Debug\link.7460.read.1.tlog
F:\C++ Projects\EX\RectifyDlg\RectifyDlg\Debug\link.7460.write.1.tlog
F:\C++ Projects\EX\RectifyDlg\RectifyDlg\Debug\link.7460-cvtres.read.1.tlog
F:\C++ Projects\EX\RectifyDlg\RectifyDlg\Debug\link.7460-cvtres.write.1.tlog
F:\C++ Projects\EX\RectifyDlg\RectifyDlg\Debug\link.7828.read.1.tlog
F:\C++ Projects\EX\RectifyDlg\RectifyDlg\Debug\link.7828.write.1.tlog
F:\C++ Projects\EX\RectifyDlg\RectifyDlg\Debug\link.7828-cvtres.read.1.tlog
F:\C++ Projects\EX\RectifyDlg\RectifyDlg\Debug\link.7828-cvtres.write.1.tlog
F:\C++ Projects\EX\RectifyDlg\RectifyDlg\Debug\link.7872.read.1.tlog
F:\C++ Projects\EX\RectifyDlg\RectifyDlg\Debug\link.7872.write.1.tlog
F:\C++ Projects\EX\RectifyDlg\RectifyDlg\Debug\link.7872-cvtres.read.1.tlog
F:\C++ Projects\EX\RectifyDlg\RectifyDlg\Debug\link.7872-cvtres.write.1.tlog
F:\C++ Projects\EX\RectifyDlg\RectifyDlg\Debug\link.9788.read.1.tlog
F:\C++ Projects\EX\RectifyDlg\RectifyDlg\Debug\link.9788.write.1.tlog
F:\C++ Projects\EX\RectifyDlg\RectifyDlg\Debug\link.9788-cvtres.read.1.tlog
F:\C++ Projects\EX\RectifyDlg\RectifyDlg\Debug\link.9788-cvtres.write.1.tlog
F:\C++ Projects\EX\RectifyDlg\RectifyDlg\Debug\link.command.1.tlog
F:\C++ Projects\EX\RectifyDlg\RectifyDlg\Debug\link.read.1.tlog
F:\C++ Projects\EX\RectifyDlg\RectifyDlg\Debug\link.write.1.tlog
F:\C++ Projects\EX\RectifyDlg\RectifyDlg\Debug\link-cvtres.read.1.tlog
F:\C++ Projects\EX\RectifyDlg\RectifyDlg\Debug\link-cvtres.write.1.tlog
F:\C++ Projects\EX\RectifyDlg\RectifyDlg\Debug\mt.command.1.tlog
F:\C++ Projects\EX\RectifyDlg\RectifyDlg\Debug\mt.read.1.tlog
F:\C++ Projects\EX\RectifyDlg\RectifyDlg\Debug\mt.write.1.tlog
F:\C++ Projects\EX\RectifyDlg\RectifyDlg\Debug\rc.command.1.tlog
F:\C++ Projects\EX\RectifyDlg\RectifyDlg\Debug\rc.read.1.tlog
F:\C++ Projects\EX\RectifyDlg\RectifyDlg\Debug\rc.write.1.tlog
F:\C++ PROJECTS\EX\RECTIFYDLG\RECTIFYDLG\DEBUG\RECTIFYDLG.EXE.EMBED.MANIFEST
F:\C++ PROJECTS\EX\RECTIFYDLG\RECTIFYDLG\DEBUG\RECTIFYDLG.EXE.EMBED.MANIFEST.RES
F:\C++ PROJECTS\EX\RECTIFYDLG\RECTIFYDLG\DEBUG\RECTIFYDLG.EXE.INTERMEDIATE.MANIFEST
F:\C++ PROJECTS\EX\RECTIFYDLG\RECTIFYDLG\DEBUG\RECTIFYDLG.OBJ
F:\C++ PROJECTS\EX\RECTIFYDLG\RECTIFYDLG\DEBUG\RECTIFYDLG.PCH
F:\C++ PROJECTS\EX\RECTIFYDLG\RECTIFYDLG\DEBUG\RECTIFYDLG.RES
F:\C++ Projects\EX\RectifyDlg\RectifyDlg\Debug\RectifyDlg.vcxprojResolveAssemblyReference.cache
F:\C++ Projects\EX\RectifyDlg\RectifyDlg\Debug\RectifyDlg.write.1.tlog
F:\C++ Projects\EX\RectifyDlg\RectifyDlg\Debug\RectifyDlg_manifest.rc
F:\C++ PROJECTS\EX\RECTIFYDLG\RECTIFYDLG\DEBUG\RECTIFYDLGDLG.OBJ
F:\C++ PROJECTS\EX\RECTIFYDLG\RECTIFYDLG\DEBUG\STDAFX.OBJ
F:\C++ Projects\EX\RectifyDlg\RectifyDlg\Debug\vc100.idb
F:\C++ PROJECTS\EX\RECTIFYDLG\RECTIFYDLG\DEBUG\VC100.PDB
