生成启动时间为 3/19/2015 12:17:36 AM。
     1>项目“F:\C++ Projects\EX\RectifyDlg\RectifyDlg\RectifyDlg.vcxproj”在节点 2 上(build 个目标)。
     1>InitializeBuildStatus:
         正在创建“Debug\RectifyDlg.unsuccessfulbuild”，因为已指定“AlwaysCreate”。
       ClCompile:
         所有输出均为最新。
         所有输出均为最新。
       ResourceCompile:
         C:\Program Files (x86)\Microsoft SDKs\Windows\v7.0A\bin\rc.exe /D _DEBUG /D _AFXDLL /l"0x0804" /IDebug\ /nologo /fo"Debug\RectifyDlg.res" RectifyDlg.rc 
       Link:
         D:\Program Files (x86)\Microsoft Visual Studio 10.0\VC\bin\link.exe /ERRORREPORT:PROMPT /OUT:"F:\C++ Projects\EX\RectifyDlg\Debug\RectifyDlg.exe" /INCREMENTAL /NOLOGO opencv_calib3d243d.lib opencv_core243d.lib opencv_features2d243d.lib opencv_highgui243d.lib opencv_imgproc243d.lib opencv_nonfree243d.lib /MANIFEST /ManifestFile:"Debug\RectifyDlg.exe.intermediate.manifest" /MANIFESTUAC:"level='asInvoker' uiAccess='false'" /DEBUG /PDB:"F:\C++ Projects\EX\RectifyDlg\Debug\RectifyDlg.pdb" /SUBSYSTEM:WINDOWS /TLBID:1 /DYNAMICBASE /NXCOMPAT /IMPLIB:"F:\C++ Projects\EX\RectifyDlg\Debug\RectifyDlg.lib" /MACHINE:X86 Debug\RectifyDlg.res
         Debug\CvvImage.obj
         Debug\RectifyDlg.obj
         Debug\RectifyDlgDlg.obj
         Debug\stdafx.obj
         RectifyDlg.vcxproj -> F:\C++ Projects\EX\RectifyDlg\Debug\RectifyDlg.exe
       Manifest:
         C:\Program Files (x86)\Microsoft SDKs\Windows\v7.0A\bin\mt.exe /nologo /verbose /out:"F:\C++ Projects\EX\RectifyDlg\Debug\RectifyDlg.exe.manifest" /manifest Debug\RectifyDlg.exe.intermediate.manifest "D:\Program Files (x86)\Microsoft Visual Studio 10.0\VC\Include\Manifest\dpiaware.manifest"
       FinalizeBuildStatus:
         正在删除文件“Debug\RectifyDlg.unsuccessfulbuild”。
         正在对“Debug\RectifyDlg.lastbuildstate”执行 Touch 任务。
     1>已完成生成项目“F:\C++ Projects\EX\RectifyDlg\RectifyDlg\RectifyDlg.vcxproj”(build 个目标)的操作。

生成成功。

已用时间 00:00:13.62
